[GIN-debug] [WARNING] Running in "debug" mode. Switch to "release" mode in production.
 - using env:	export GIN_MODE=release
 - using code:	gin.SetMode(gin.ReleaseMode)

[GIN-debug] GET    /get-user                 --> main.main.func1 (3 handlers)
[GIN-debug] POST   /add-user                 --> main.main.func2 (3 handlers)
[GIN-debug] DELETE /delete-user/:id          --> main.main.func3 (3 handlers)
[GIN-debug] PUT    /update-user              --> main.main.func4 (3 handlers)
[GIN-debug] Listening and serving HTTP on :8080
::1 - [28 Dec 20 14:19 IST] GET /get-user 200 968.6µs 
::1 - [28 Dec 20 14:19 IST] POST /add-user 200 0s 
::1 - [28 Dec 20 14:19 IST] GET /get-user 200 0s 
::1 - [28 Dec 20 14:19 IST] POST /add-user 200 0s 
::1 - [28 Dec 20 14:19 IST] POST /add-user 200 0s 
::1 - [28 Dec 20 14:20 IST] GET /get-user 200 0s 
::1 - [28 Dec 20 14:20 IST] PUT /update-user 200 1.9969ms 
::1 - [28 Dec 20 14:20 IST] GET /get-user 200 0s 
::1 - [28 Dec 20 14:21 IST] DELETE /delete-user/2 200 20.6801ms 
::1 - [28 Dec 20 14:21 IST] DELETE /delete-user/1 200 1.954ms 
::1 - [28 Dec 20 14:21 IST] DELETE /delete-user/3 200 2.0702ms 
::1 - [28 Dec 20 14:21 IST] GET /get-user 200 0s 
